EAC extraction logfile from 2. September 2006, 13:39 for CD
Red Hot Chili Peppers / 2000-04-26 Iowa City, IA

Used drive  : SONY    DVD RW DW-G120A   Adapter: 3  ID: 0
Read mode   : Secure with NO C2, accurate stream, disable cache
Read offset correction : 0
Overread into Lead-In and Lead-Out : No

Used output format : Internal WAV Routines
                     44.100 Hz; 16 Bit; Stereo

Other options      : 
    Fill up missing offset samples with silence : Yes
    Delete leading and trailing silent blocks : No
    Native Win32 interface for Win NT & 2000


Track  1
     Filename C:\EAC\rhcp2000-04-26d1t01.wav

     Peak level 100.0 %
     Track quality 99.9 %
     Copy CRC F1BAA5F9
     Copy OK

Track  2
     Filename C:\EAC\rhcp2000-04-26d1t02.wav

     Peak level 98.2 %
     Track quality 100.0 %
     Copy CRC 8EA2BD03
     Copy OK

Track  3
     Filename C:\EAC\rhcp2000-04-26d1t03.wav

     Peak level 99.9 %
     Track quality 100.0 %
     Copy CRC 670B269A
     Copy OK

Track  4
     Filename C:\EAC\rhcp2000-04-26d1t04.wav

     Peak level 97.7 %
     Track quality 99.9 %
     Copy CRC BFBDC9AE
     Copy OK

Track  5
     Filename C:\EAC\rhcp2000-04-26d1t05.wav

     Peak level 100.0 %
     Track quality 100.0 %
     Copy CRC 0B1CD92C
     Copy OK

Track  6
     Filename C:\EAC\rhcp2000-04-26d1t06.wav

     Peak level 100.0 %
     Track quality 99.9 %
     Copy CRC 028A69E4
     Copy OK

Track  7
     Filename C:\EAC\rhcp2000-04-26d1t07.wav

     Peak level 84.4 %
     Track quality 100.0 %
     Copy CRC 335AE5CF
     Copy OK

Track  8
     Filename C:\EAC\rhcp2000-04-26d1t08.wav

     Peak level 91.9 %
     Track quality 100.0 %
     Copy CRC 41CC5F9C
     Copy OK

Track  9
     Filename C:\EAC\rhcp2000-04-26d1t09.wav

     Peak level 93.7 %
     Track quality 99.8 %
     Copy CRC 88E56D3A
     Copy OK

Track 10
     Filename C:\EAC\rhcp2000-04-26d1t10.wav

     Peak level 66.0 %
     Track quality 100.0 %
     Copy CRC 0E53EAB2
     Copy OK

Track 11
     Filename C:\EAC\rhcp2000-04-26d1t11.wav

     Peak level 86.0 %
     Track quality 100.0 %
     Copy CRC 0CA10D30
     Copy OK

Track 12
     Filename C:\EAC\rhcp2000-04-26d1t12.wav

     Peak level 93.7 %
     Track quality 100.0 %
     Copy CRC EC4F21DC
     Copy OK

Track 13
     Filename C:\EAC\rhcp2000-04-26d1t13.wav

     Peak level 83.3 %
     Track quality 100.0 %
     Copy CRC D2F6E7BD
     Copy OK

Track 14
     Filename C:\EAC\rhcp2000-04-26d1t14.wav

     Peak level 84.6 %
     Track quality 99.9 %
     Copy CRC 70FFDE23
     Copy OK

Track 15
     Filename C:\EAC\rhcp2000-04-26d1t15.wav

     Peak level 93.9 %
     Track quality 100.0 %
     Copy CRC F372A106
     Copy OK

Track 16
     Filename C:\EAC\rhcp2000-04-26d1t16.wav

     Peak level 100.0 %
     Track quality 100.0 %
     Copy CRC 6679F776
     Copy OK

No errors occured


End of status report

------------------------------------------------------------

EAC extraction logfile from 2. September 2006, 13:51 for CD
Red Hot Chili Peppers / 2000-04-26 Iowa City, IA

Used drive  : SONY    DVD RW DW-G120A   Adapter: 3  ID: 0
Read mode   : Secure with NO C2, accurate stream, disable cache
Read offset correction : 0
Overread into Lead-In and Lead-Out : No

Used output format : Internal WAV Routines
                     44.100 Hz; 16 Bit; Stereo

Other options      : 
    Fill up missing offset samples with silence : Yes
    Delete leading and trailing silent blocks : No
    Native Win32 interface for Win NT & 2000


Track  1
     Filename C:\EAC\rhcp2000-04-26d2t01.wav

     Peak level 100.0 %
     Track quality 100.0 %
     Copy CRC 7757C99D
     Copy OK

Track  2
     Filename C:\EAC\rhcp2000-04-26d2t02.wav

     Peak level 100.0 %
     Track quality 100.0 %
     Copy CRC 3B7ED3AA
     Copy OK

No errors occured


End of status report
