AUDIOCHECKER v2.0 beta (build 457) - by Dester - opdester@freemail.hu
~~~~~~~~~~~~~~~~~~~~~~~~~~~~~~~~~~
-=== DO NOT EDIT THIS FILE! ===-

Path: ...\Red Hot Chili Peppers - Rock In Rio 2011 (24.09.2011) [DTV]

01 -=- 01. Monarchy Of Roses.flac -=- CDDA (100%)
02 -=- 02. Can't Stop.flac -=- CDDA (100%)
03 -=- 03. Charlie.flac -=- CDDA (100%)
04 -=- 04. Otherside.flac -=- CDDA (99%)
05 -=- 05. Look Around.flac -=- CDDA (100%)
06 -=- 06. Dani California.flac -=- CDDA (100%)
07 -=- 07. Under The Bridge.flac -=- CDDA (100%)
08 -=- 08. Factory Of Faith.flac -=- CDDA (100%)
09 -=- 09. Throw Away Your Television.flac -=- CDDA (100%)
10 -=- 10. Pea.flac -=- CDDA (100%)
11 -=- 11. The Adventures Of Rain Dance Meggie.flac -=- CDDA (100%)
12 -=- 12. Me And My Friends.flac -=- CDDA (100%)
13 -=- 13. Did I Let You Know.flac -=- CDDA (100%)
14 -=- 14. Higher Ground.flac -=- CDDA (100%)
15 -=- 15. Californication.flac -=- CDDA (100%)
16 -=- 16. By The Way.flac -=- CDDA (100%)
17 -=- 17. Encore Break.flac -=- CDDA (100%)
18 -=- 18. Chad Drum Solo.flac -=- CDDA (100%)
19 -=- 19. Around The World.flac -=- CDDA (100%)
20 -=- 20. Blood Sugar Sex Magik.flac -=- CDDA (100%)
21 -=- 21. Give It Away.flac -=- CDDA (100%)
22 -=- 22. Fireworks.flac -=- CDDA (100%)

Summary 99,95% CDDA

267310868
