EAC extraheringsloggfil från 24. Oktober 2004, 12:47 för CD
rhcp / hamburg 1999

Använd enhet  : COMPAQ  DVD-ROM GD-8000   Adapter: 1  ID: 0
Läsmetod   : Säker med C2, accurate stream, INGEN bortkopplad cache
Kombinerad läs/skriv offset-korrigering : 0
Läs in i Lead-In och Lead-Out : Nej

Använt output format : Interna WAV Rutiner
                     44.100 Hz; 16 Bit; Stereo

Andra inställningar      : 
    Fyll upp saknade offset-samplingar med tystnad : Ja
    Radera inledande och eftersläpande tysta block : Nej
    Native Win32 gränssnitt för Win NT & 2000


Spår  1
     Filnamn D:\Oskar - Mina dokument\Track01.wav

     Misstänkt position 0:00:00
     Misstänkt position 0:01:32

     Peak-nivå 100.0 %
     Spårkvalité 98.5 %
     Kopiera CRC 8C2A027A
     Kopia färdig

Spår  2
     Filnamn D:\Oskar - Mina dokument\Track02.wav

     Misstänkt position 0:05:19

     Peak-nivå 100.0 %
     Spårkvalité 99.8 %
     Kopiera CRC 08C9ED70
     Kopia färdig

Spår  3
     Filnamn D:\Oskar - Mina dokument\Track03.wav

     Misstänkt position 0:03:44

     Peak-nivå 100.0 %
     Spårkvalité 99.7 %
     Kopiera CRC 63A4FD83
     Kopia färdig

Spår  4
     Filnamn D:\Oskar - Mina dokument\Track04.wav

     Misstänkt position 0:05:22

     Peak-nivå 96.8 %
     Spårkvalité 99.8 %
     Kopiera CRC F7DD350C
     Kopia färdig

Spår  5
     Filnamn D:\Oskar - Mina dokument\Track05.wav

     Misstänkt position 0:04:54

     Peak-nivå 100.0 %
     Spårkvalité 99.7 %
     Kopiera CRC 462975C4
     Kopia färdig

Spår  6
     Filnamn D:\Oskar - Mina dokument\Track06.wav

     Misstänkt position 0:04:05

     Peak-nivå 95.9 %
     Spårkvalité 99.7 %
     Kopiera CRC 25871B28
     Kopia färdig

Spår  7
     Filnamn D:\Oskar - Mina dokument\Track07.wav

     Misstänkt position 0:01:56

     Peak-nivå 96.8 %
     Spårkvalité 99.4 %
     Kopiera CRC 24973EC2
     Kopia färdig

Spår  8
     Filnamn D:\Oskar - Mina dokument\Track08.wav

     Misstänkt position 0:05:03

     Peak-nivå 100.0 %
     Spårkvalité 99.7 %
     Kopiera CRC C3A2796D
     Kopia färdig

Spår  9
     Filnamn D:\Oskar - Mina dokument\Track09.wav

     Misstänkt position 0:06:37

     Peak-nivå 96.9 %
     Spårkvalité 99.8 %
     Kopiera CRC 2CE3E2B7
     Kopia färdig

Spår 10
     Filnamn D:\Oskar - Mina dokument\Track10.wav

     Misstänkt position 0:07:23

     Peak-nivå 96.4 %
     Spårkvalité 99.8 %
     Kopiera CRC 8E32852D
     Kopia färdig

Spår 11
     Filnamn D:\Oskar - Mina dokument\Track11.wav

     Misstänkt position 0:04:25

     Peak-nivå 89.2 %
     Spårkvalité 99.7 %
     Kopiera CRC DC63E149
     Kopia färdig

Det fanns fel


Slut på status rapport
