AUDIOCHECKER v2.0 beta (build 457) - by Dester - opdester@freemail.hu
~~~~~~~~~~~~~~~~~~~~~~~~~~~~~~~~~~
-=== DO NOT EDIT THIS FILE! ===-

Path: ...\Red Hot Chili Peppers - Live@Budokan, JP (2000.01.09) [FLAC]

01 -=- 01. Around The World.flac -=- CDDA (99%)
02 -=- 02. Give It away.flac -=- CDDA (100%)
03 -=- 03. Scar Tissue.flac -=- CDDA (99%)
04 -=- 04. Suck My kiss.flac -=- CDDA (100%)
05 -=- 05. If You Have To ask.flac -=- CDDA (100%)
06 -=- 06. Blackeyed Blonde.flac -=- CDDA (100%)
07 -=- 07. I could have Lied.flac -=- CDDA (100%)
08 -=- 08. Organic Anti Beat Box Band.flac -=- CDDA (100%)
09 -=- 09. I like Dirt.flac -=- CDDA (87%)
10 -=- 10. My Lovely man.flac -=- CDDA (100%)
11 -=- 11. Right On Time.flac -=- CDDA (87%)
12 -=- 12. Under The Bridge.flac -=- CDDA (87%)
13 -=- 13. Me & My Friends & Encore Break.flac -=- CDDA (100%)
14 -=- 14. Sir Psycho sexy.flac -=- CDDA (94%)
15 -=- 15. Fire.flac -=- CDDA (100%)

Summary 96,87% CDDA

169387252
