EAC extraction logfile from 12. August 2007, 19:57 for CD
Red Hot Chilli Peppers / Positive Magik - Black Magik

Used drive  : SONY    DVD RW DW-G120A   Adapter: 3  ID: 0
Read mode   : Secure with NO C2, accurate stream, disable cache
Read offset correction : 0
Overread into Lead-In and Lead-Out : No

Used output format : Internal WAV Routines
                     44.100 Hz; 16 Bit; Stereo

Other options      : 
    Fill up missing offset samples with silence : Yes
    Delete leading and trailing silent blocks : No
    Native Win32 interface for Win NT & 2000


Track  4
     Filename C:\EAC\rhcp1992-03-01t04.wav

     Peak level 91.2 %
     Track quality 100.0 %
     Copy CRC 1F4D9D59
     Copy OK

Track  5
     Filename C:\EAC\rhcp1992-03-01t05.wav

     Peak level 95.5 %
     Track quality 100.0 %
     Copy CRC F9FDBE87
     Copy OK

Track  6
     Filename C:\EAC\rhcp1992-03-01t06.wav

     Peak level 73.5 %
     Track quality 100.0 %
     Copy CRC 21B7F261
     Copy OK

Track  7
     Filename C:\EAC\rhcp1992-03-01t07.wav

     Peak level 94.9 %
     Track quality 100.0 %
     Copy CRC E55689FE
     Copy OK

Track  8
     Filename C:\EAC\rhcp1992-03-01t08.wav

     Peak level 92.7 %
     Track quality 100.0 %
     Copy CRC 0C3EFFB9
     Copy OK

Track  9
     Filename C:\EAC\rhcp1992-03-01t09.wav

     Peak level 96.7 %
     Track quality 99.9 %
     Copy CRC 87DDCCE9
     Copy OK

Track 10
     Filename C:\EAC\rhcp1992-03-01t10.wav

     Peak level 80.1 %
     Track quality 100.0 %
     Copy CRC 75F03ABA
     Copy OK

Track 11
     Filename C:\EAC\rhcp1992-03-01t11.wav

     Peak level 100.0 %
     Track quality 100.0 %
     Copy CRC 0450FD99
     Copy OK

Track 12
     Filename C:\EAC\rhcp1992-03-01t12.wav

     Peak level 97.5 %
     Track quality 99.9 %
     Copy CRC DD19461C
     Copy OK

Track 13
     Filename C:\EAC\rhcp1992-03-01t13.wav

     Peak level 96.5 %
     Track quality 100.0 %
     Copy CRC 50D1C6F6
     Copy OK

Track 14
     Filename C:\EAC\rhcp1992-03-01t14.wav

     Peak level 70.4 %
     Track quality 100.0 %
     Copy CRC 93AEAFA7
     Copy OK

Track 15
     Filename C:\EAC\rhcp1992-03-01t15.wav

     Peak level 100.0 %
     Track quality 100.0 %
     Copy CRC 624D96B5
     Copy OK

No errors occured


End of status report
